{
  "stats": {
    "suites": 1,
    "tests": 2,
    "passes": 2,
    "pending": 0,
    "failures": 0,
    "start": "2026-04-23T02:06:30.311Z",
    "end": "2026-04-23T02:06:38.068Z",
    "duration": 7757,
    "testsRegistered": 2,
    "passPercent": 100,
    "pendingPercent": 0,
    "other": 0,
    "hasOther": false,
    "skipped": 0,
    "hasSkipped": false
  },
  "results": [
    {
      "uuid": "8c45ac0c-c856-4838-8c31-b4154a250043",
      "title": "",
      "fullFile": "/Users/aldogiovanniandrean/Web Automation/tests/coba_test.js",
      "file": "/tests/coba_test.js",
      "beforeHooks": [],
      "afterHooks": [],
      "tests": [],
      "suites": [
        {
          "uuid": "ae63c913-cb34-492a-bb3e-7789ff9d6308",
          "title": "SauceDemo)",
          "fullFile": "/Users/aldogiovanniandrean/Web Automation/tests/coba_test.js",
          "file": "/tests/coba_test.js",
          "beforeHooks": [],
          "afterHooks": [],
          "tests": [
            {
              "title": "Success Login",
              "fullTitle": "SauceDemo) Success Login",
              "timedOut": false,
              "duration": 4435,
              "state": "passed",
              "speed": "slow",
              "pass": true,
              "fail": false,
              "pending": false,
              "context": null,
              "code": "const options = new chrome.Options();\noptions.addArguments('--incognito');\n    driver = await new Builder()\n        .forBrowser('chrome')\n        .setChromeOptions(options)\n        .build();\n        await driver.get('https://www.saucedemo.com');\n        assert.strictEqual(await driver.getTitle(), 'Swag Labs');\n        let inputUsername = await driver.findElement(By.xpath('//*[@data-test=\"username\"]'));\n        let inputPassword = await driver.findElement(By.xpath('//*[@data-test=\"password\"]'));\n        let buttonLogin = await driver.findElement(By.xpath('//*[@data-test=\"login-button\"]'));\n        await inputUsername.sendKeys('standard_user');\n        await inputPassword.sendKeys('secret_sauce');\n        await buttonLogin.click();\n        const title = await driver.getTitle();\n        assert.strictEqual(title, 'Swag Labs');\n    \n        await driver.quit();",
              "err": {},
              "uuid": "89e91555-8103-47a6-bc4d-06deb667da64",
              "parentUUID": "ae63c913-cb34-492a-bb3e-7789ff9d6308",
              "isHook": false,
              "skipped": false
            },
            {
              "title": "Urutkan High to Low",
              "fullTitle": "SauceDemo) Urutkan High to Low",
              "timedOut": false,
              "duration": 3317,
              "state": "passed",
              "speed": "slow",
              "pass": true,
              "fail": false,
              "pending": false,
              "context": null,
              "code": "const options = new chrome.Options();\noptions.addArguments('--incognito');\n    driver = await new Builder()\n        .forBrowser('chrome')\n        .setChromeOptions(options)\n        .build();\n        await driver.get('https://www.saucedemo.com');\n        let inputUsername = await driver.findElement(By.xpath('//*[@data-test=\"username\"]'));\n        let inputPassword = await driver.findElement(By.xpath('//*[@data-test=\"password\"]'));\n        let buttonLogin = await driver.findElement(By.xpath('//*[@data-test=\"login-button\"]'));\n        await inputUsername.sendKeys('standard_user');\n        await inputPassword.sendKeys('secret_sauce');\n        await buttonLogin.click();\n        // const highToLowOption = await driver.findElement(By.css('option[value=\"hilo\"]'));\n        // await highToLowOption.click();\n        let dropdownSort = await driver.findElement(By.className('product_sort_container')).click();\n        let option = await driver.findElement(By.css('option[value=\"hilo\"]'));\n        await option.click();\n    \n        const topItemName = await driver.findElement(By.className('inventory_item_name')).getText();\n        assert.strictEqual(topItemName, 'Sauce Labs Fleece Jacket');\n    \n        await driver.quit();",
              "err": {},
              "uuid": "1dcd50a2-c8a5-4061-8923-6f9dcc09db9e",
              "parentUUID": "ae63c913-cb34-492a-bb3e-7789ff9d6308",
              "isHook": false,
              "skipped": false
            }
          ],
          "suites": [],
          "passes": [
            "89e91555-8103-47a6-bc4d-06deb667da64",
            "1dcd50a2-c8a5-4061-8923-6f9dcc09db9e"
          ],
          "failures": [],
          "pending": [],
          "skipped": [],
          "duration": 7752,
          "root": false,
          "rootEmpty": false,
          "_timeout": 60000
        }
      ],
      "passes": [],
      "failures": [],
      "pending": [],
      "skipped": [],
      "duration": 0,
      "root": true,
      "rootEmpty": true,
      "_timeout": 60000
    }
  ],
  "meta": {
    "mocha": {
      "version": "10.8.2"
    },
    "mochawesome": {
      "options": {
        "quiet": false,
        "reportFilename": "mochawesome",
        "saveHtml": true,
        "saveJson": true,
        "consoleReporter": "spec",
        "useInlineDiffs": false,
        "code": true
      },
      "version": "7.1.4"
    },
    "marge": {
      "options": null,
      "version": "6.3.2"
    }
  }
}