{
  "stats": {
    "suites": 1,
    "tests": 2,
    "passes": 1,
    "pending": 0,
    "failures": 1,
    "start": "2026-04-22T16:36:31.355Z",
    "end": "2026-04-22T16:36:36.188Z",
    "duration": 4833,
    "testsRegistered": 2,
    "passPercent": 50,
    "pendingPercent": 0,
    "other": 0,
    "hasOther": false,
    "skipped": 0,
    "hasSkipped": false
  },
  "results": [
    {
      "uuid": "aeff25dd-95bf-4767-a3cc-671f812216c0",
      "title": "",
      "fullFile": "/Users/aldogiovanniandrean/Web Automation/tests/coba_test.js",
      "file": "/tests/coba_test.js",
      "beforeHooks": [],
      "afterHooks": [],
      "tests": [],
      "suites": [
        {
          "uuid": "058fe1b8-63f4-46a7-8a60-51276c456686",
          "title": "SauceDemo)",
          "fullFile": "/Users/aldogiovanniandrean/Web Automation/tests/coba_test.js",
          "file": "/tests/coba_test.js",
          "beforeHooks": [],
          "afterHooks": [],
          "tests": [
            {
              "title": "Success Login",
              "fullTitle": "SauceDemo) Success Login",
              "timedOut": false,
              "duration": 3040,
              "state": "passed",
              "speed": "slow",
              "pass": true,
              "fail": false,
              "pending": false,
              "context": null,
              "code": "const options = new chrome.Options();\noptions.addArguments('--incognito');\ndriver = await new Builder()\n    .forBrowser('chrome')\n    .setChromeOptions(options)\n    .build();\n    await driver.get('https://www.saucedemo.com');\n    assert.strictEqual(await driver.getTitle(), 'Swag Labs');\n    let inputUsername = await driver.findElement(By.xpath('//*[@data-test=\"username\"]'));\n    let inputPassword = await driver.findElement(By.xpath('//*[@data-test=\"password\"]'));\n    let buttonLogin = await driver.findElement(By.xpath('//*[@data-test=\"login-button\"]'));\n    await inputUsername.sendKeys('standard_user');\n    await inputPassword.sendKeys('secret_sauce');\n    await buttonLogin.click();\n    const title = await driver.getTitle();\n    assert.strictEqual(title, 'Swag Labs');\n\n    await driver.quit();",
              "err": {},
              "uuid": "74b8e32f-2772-4dea-bce7-57e600bbe854",
              "parentUUID": "058fe1b8-63f4-46a7-8a60-51276c456686",
              "isHook": false,
              "skipped": false
            },
            {
              "title": "Urutkan High to Low",
              "fullTitle": "SauceDemo) Urutkan High to Low",
              "timedOut": false,
              "duration": 1786,
              "state": "failed",
              "speed": null,
              "pass": false,
              "fail": true,
              "pending": false,
              "context": null,
              "code": "const options = new chrome.Options();\noptions.addArguments('--incognito');\ndriver = await new Builder()\n    .forBrowser('chrome')\n    .setChromeOptions(options)\n    .build();\n    await driver.get('https://www.saucedemo.com');\n    assert.strictEqual(await driver.get(By.className('inventory_item_name')), 'Sauce Labs Fleece Jakcet');\n    let inputUsername = await driver.findElement(By.xpath('//*[@data-test=\"username\"]'));\n    let inputPassword = await driver.findElement(By.xpath('//*[@data-test=\"password\"]'));\n    let buttonLogin = await driver.findElement(By.xpath('//*[@data-test=\"login-button\"]'));\n    await inputUsername.sendKeys('standard_user');\n    await inputPassword.sendKeys('secret_sauce');\n    await buttonLogin.click();\n    let dropdownSort = await driver.findElement(By.className('active_option'))\n    await dropdownSort.click()\n    let option = await driver.findElement(By.css('value=hilo'));\n    await option.click();\n\n    const topItemName = await driver.findElement(By.className('inventory_item_name')).getText();\n    assert.strictEqual(topItemName, 'Sauce Labs Fleece Jacket');\n\n    await driver.quit();",
              "err": {
                "message": "InvalidArgumentError: invalid argument: 'url' must be a string\n  (Session info: chrome=147.0.7727.102)",
                "estack": "InvalidArgumentError: invalid argument: 'url' must be a string\n  (Session info: chrome=147.0.7727.102)\n    at Object.throwDecodedError (node_modules/selenium-webdriver/lib/error.js:523:15)\n    at parseHttpResponse (node_modules/selenium-webdriver/lib/http.js:526:13)\n    at Executor.execute (node_modules/selenium-webdriver/lib/http.js:458:28)\n    at process.processTicksAndRejections (node:internal/process/task_queues:104:5)\n    at async Driver.execute (node_modules/selenium-webdriver/lib/webdriver.js:745:17)\n    at async Context.<anonymous> (tests/coba_test.js:44:32)",
                "diff": null
              },
              "uuid": "7ecdce9e-00f1-4abe-bed6-c637c7e19a71",
              "parentUUID": "058fe1b8-63f4-46a7-8a60-51276c456686",
              "isHook": false,
              "skipped": false
            }
          ],
          "suites": [],
          "passes": [
            "74b8e32f-2772-4dea-bce7-57e600bbe854"
          ],
          "failures": [
            "7ecdce9e-00f1-4abe-bed6-c637c7e19a71"
          ],
          "pending": [],
          "skipped": [],
          "duration": 4826,
          "root": false,
          "rootEmpty": false,
          "_timeout": 60000
        }
      ],
      "passes": [],
      "failures": [],
      "pending": [],
      "skipped": [],
      "duration": 0,
      "root": true,
      "rootEmpty": true,
      "_timeout": 60000
    }
  ],
  "meta": {
    "mocha": {
      "version": "10.8.2"
    },
    "mochawesome": {
      "options": {
        "quiet": false,
        "reportFilename": "mochawesome",
        "saveHtml": true,
        "saveJson": true,
        "consoleReporter": "spec",
        "useInlineDiffs": false,
        "code": true
      },
      "version": "7.1.4"
    },
    "marge": {
      "options": null,
      "version": "6.3.2"
    }
  }
}